  Assembling P0_Plantilla.asm...
  Assembling P10_recorridoArregloB.asm...
  Assembling P11_copiarCadena.asm...
  Assembling P12_compararCadenas.asm...
  Assembling P13_buscarEnCadena.asm...
  Assembling P14_indiceCaracterEnCadena.asm...
  Assembling P15_almacenaCaraacterEnCadena.asm...
  Assembling P1_introAreglos.asm...
  Assembling P2_registros_esi_edi_.asm...
  Assembling P3_accesoArreglos.asm...
  Assembling P4_modificarArreglo.asm...
  Assembling P5_recorridoArreglo.asm...
  Assembling P6_arreglos_dword.asm...
  Assembling P7_accesoPosNdeArreglo.asm...
  Assembling P9_accesoPosNdeArregloB.asm...
  Assembling P8_introArreglosBidimensionales.asm...
P0_Plantilla.obj : warning LNK4258: la directiva '/ENTRY:main@0' no es compatible con el modificador '/ENTRY:main15'; se ha omitido
P10_recorridoArregloB.obj : warning LNK4258: la directiva '/ENTRY:main10@0' no es compatible con el modificador '/ENTRY:main15'; se ha omitido
P11_copiarCadena.obj : warning LNK4258: la directiva '/ENTRY:main11@0' no es compatible con el modificador '/ENTRY:main15'; se ha omitido
P12_compararCadenas.obj : warning LNK4258: la directiva '/ENTRY:main12@0' no es compatible con el modificador '/ENTRY:main15'; se ha omitido
P13_buscarEnCadena.obj : warning LNK4258: la directiva '/ENTRY:main13@0' no es compatible con el modificador '/ENTRY:main15'; se ha omitido
P14_indiceCaracterEnCadena.obj : warning LNK4258: la directiva '/ENTRY:main14@0' no es compatible con el modificador '/ENTRY:main15'; se ha omitido
P15_almacenaCaraacterEnCadena.obj : warning LNK4258: la directiva '/ENTRY:main15@0' no es compatible con el modificador '/ENTRY:main15'; se ha omitido
P1_introAreglos.obj : warning LNK4258: la directiva '/ENTRY:main1@0' no es compatible con el modificador '/ENTRY:main15'; se ha omitido
P2_registros_esi_edi_.obj : warning LNK4258: la directiva '/ENTRY:main2@0' no es compatible con el modificador '/ENTRY:main15'; se ha omitido
P3_accesoArreglos.obj : warning LNK4258: la directiva '/ENTRY:main3@0' no es compatible con el modificador '/ENTRY:main15'; se ha omitido
P4_modificarArreglo.obj : warning LNK4258: la directiva '/ENTRY:main4@0' no es compatible con el modificador '/ENTRY:main15'; se ha omitido
P5_recorridoArreglo.obj : warning LNK4258: la directiva '/ENTRY:main5@0' no es compatible con el modificador '/ENTRY:main15'; se ha omitido
P6_arreglos_dword.obj : warning LNK4258: la directiva '/ENTRY:main6@0' no es compatible con el modificador '/ENTRY:main15'; se ha omitido
P7_accesoPosNdeArreglo.obj : warning LNK4258: la directiva '/ENTRY:main7@0' no es compatible con el modificador '/ENTRY:main15'; se ha omitido
P9_accesoPosNdeArregloB.obj : warning LNK4258: la directiva '/ENTRY:main9@0' no es compatible con el modificador '/ENTRY:main15'; se ha omitido
P8_introArreglosBidimensionales.obj : warning LNK4258: la directiva '/ENTRY:main8@0' no es compatible con el modificador '/ENTRY:main15'; se ha omitido
  PM_0_ProgramacionClase_U4.vcxproj -> C:\Users\Alejandro_GarciaRuiz\source\repos\PM_0_ProgramacionClase_U4\Debug\PM_0_ProgramacionClase_U4.exe
